2020/01/05 15:12:38 [com.antstar.admin.AdminApplication]-[INFO] Starting AdminApplication v1.0.0 on admin with PID 1 (/app.jar started by root in /)
2020/01/05 15:12:38 [com.antstar.admin.AdminApplication]-[INFO] The following profiles are active: test
2020/01/05 15:12:40 [org.springframework.data.repository.config.RepositoryConfigurationDelegate]-[INFO] Multiple Spring Data modules found, entering strict repository configuration mode!
2020/01/05 15:12:40 [org.springframework.data.repository.config.RepositoryConfigurationDelegate]-[INFO] Bootstrapping Spring Data repositories in DEFAULT mode.
2020/01/05 15:12:40 [org.springframework.data.repository.config.RepositoryConfigurationDelegate]-[INFO] Finished Spring Data repository scanning in 46ms. Found 0 repository interfaces.
2020/01/05 15:12:41 [org.springframework.context.support.PostProcessorRegistrationDelegate$BeanPostProcessorChecker]-[INFO] Bean 'shiroConfig' of type [com.antstar.admin.config.ShiroConfig$$EnhancerBySpringCGLIB$$90e7ac71] is not eligible for getting processed by all BeanPostProcessors (for example: not eligible for auto-proxying)
2020/01/05 15:12:41 [org.springframework.context.support.PostProcessorRegistrationDelegate$BeanPostProcessorChecker]-[INFO] Bean 'hashedCredentialsMatcher' of type [org.apache.shiro.authc.credential.HashedCredentialsMatcher] is not eligible for getting processed by all BeanPostProcessors (for example: not eligible for auto-proxying)
2020/01/05 15:12:41 [org.springframework.context.support.PostProcessorRegistrationDelegate$BeanPostProcessorChecker]-[INFO] Bean 'org.springframework.boot.autoconfigure.jdbc.DataSourceTransactionManagerAutoConfiguration$DataSourceTransactionManagerConfiguration' of type [org.springframework.boot.autoconfigure.jdbc.DataSourceTransactionManagerAutoConfiguration$DataSourceTransactionManagerConfiguration] is not eligible for getting processed by all BeanPostProcessors (for example: not eligible for auto-proxying)
2020/01/05 15:12:41 [org.springframework.context.support.PostProcessorRegistrationDelegate$BeanPostProcessorChecker]-[INFO] Bean 'com.alibaba.druid.spring.boot.autoconfigure.DruidDataSourceAutoConfigure' of type [com.alibaba.druid.spring.boot.autoconfigure.DruidDataSourceAutoConfigure$$EnhancerBySpringCGLIB$$6b0efe56] is not eligible for getting processed by all BeanPostProcessors (for example: not eligible for auto-proxying)
2020/01/05 15:12:41 [com.alibaba.druid.spring.boot.autoconfigure.DruidDataSourceAutoConfigure]-[INFO] Init DruidDataSource
2020/01/05 15:12:42 [org.springframework.context.support.PostProcessorRegistrationDelegate$BeanPostProcessorChecker]-[INFO] Bean 'spring.datasource-org.springframework.boot.autoconfigure.jdbc.DataSourceProperties' of type [org.springframework.boot.autoconfigure.jdbc.DataSourceProperties] is not eligible for getting processed by all BeanPostProcessors (for example: not eligible for auto-proxying)
2020/01/05 15:12:42 [com.alibaba.druid.pool.DruidDataSource]-[INFO] {dataSource-1} inited
2020/01/05 15:12:42 [org.springframework.context.support.PostProcessorRegistrationDelegate$BeanPostProcessorChecker]-[INFO] Bean 'dataSource' of type [com.alibaba.druid.spring.boot.autoconfigure.DruidDataSourceWrapper] is not eligible for getting processed by all BeanPostProcessors (for example: not eligible for auto-proxying)
2020/01/05 15:12:42 [org.springframework.context.support.PostProcessorRegistrationDelegate$BeanPostProcessorChecker]-[INFO] Bean 'org.springframework.boot.autoconfigure.transaction.TransactionAutoConfiguration' of type [org.springframework.boot.autoconfigure.transaction.TransactionAutoConfiguration] is not eligible for getting processed by all BeanPostProcessors (for example: not eligible for auto-proxying)
2020/01/05 15:12:42 [org.springframework.context.support.PostProcessorRegistrationDelegate$BeanPostProcessorChecker]-[INFO] Bean 'spring.transaction-org.springframework.boot.autoconfigure.transaction.TransactionProperties' of type [org.springframework.boot.autoconfigure.transaction.TransactionProperties] is not eligible for getting processed by all BeanPostProcessors (for example: not eligible for auto-proxying)
2020/01/05 15:12:42 [org.springframework.context.support.PostProcessorRegistrationDelegate$BeanPostProcessorChecker]-[INFO] Bean 'platformTransactionManagerCustomizers' of type [org.springframework.boot.autoconfigure.transaction.TransactionManagerCustomizers] is not eligible for getting processed by all BeanPostProcessors (for example: not eligible for auto-proxying)
2020/01/05 15:12:42 [org.springframework.context.support.PostProcessorRegistrationDelegate$BeanPostProcessorChecker]-[INFO] Bean 'transactionManager' of type [org.springframework.jdbc.datasource.DataSourceTransactionManager] is not eligible for getting processed by all BeanPostProcessors (for example: not eligible for auto-proxying)
2020/01/05 15:12:42 [org.springframework.context.support.PostProcessorRegistrationDelegate$BeanPostProcessorChecker]-[INFO] Bean 'org.springframework.boot.autoconfigure.transaction.TransactionAutoConfiguration$TransactionTemplateConfiguration' of type [org.springframework.boot.autoconfigure.transaction.TransactionAutoConfiguration$TransactionTemplateConfiguration] is not eligible for getting processed by all BeanPostProcessors (for example: not eligible for auto-proxying)
2020/01/05 15:12:42 [org.springframework.context.support.PostProcessorRegistrationDelegate$BeanPostProcessorChecker]-[INFO] Bean 'transactionTemplate' of type [org.springframework.transaction.support.TransactionTemplate] is not eligible for getting processed by all BeanPostProcessors (for example: not eligible for auto-proxying)
2020/01/05 15:12:42 [org.springframework.context.support.PostProcessorRegistrationDelegate$BeanPostProcessorChecker]-[INFO] Bean 'mybatis-org.mybatis.spring.boot.autoconfigure.MybatisProperties' of type [org.mybatis.spring.boot.autoconfigure.MybatisProperties] is not eligible for getting processed by all BeanPostProcessors (for example: not eligible for auto-proxying)
2020/01/05 15:12:42 [org.springframework.context.support.PostProcessorRegistrationDelegate$BeanPostProcessorChecker]-[INFO] Bean 'org.mybatis.spring.boot.autoconfigure.MybatisAutoConfiguration' of type [org.mybatis.spring.boot.autoconfigure.MybatisAutoConfiguration$$EnhancerBySpringCGLIB$$84375a14] is not eligible for getting processed by all BeanPostProcessors (for example: not eligible for auto-proxying)
2020/01/05 15:12:43 [org.springframework.context.support.PostProcessorRegistrationDelegate$BeanPostProcessorChecker]-[INFO] Bean 'sqlSessionFactory' of type [org.apache.ibatis.session.defaults.DefaultSqlSessionFactory] is not eligible for getting processed by all BeanPostProcessors (for example: not eligible for auto-proxying)
2020/01/05 15:12:43 [org.springframework.context.support.PostProcessorRegistrationDelegate$BeanPostProcessorChecker]-[INFO] Bean 'sqlSessionTemplate' of type [org.mybatis.spring.SqlSessionTemplate] is not eligible for getting processed by all BeanPostProcessors (for example: not eligible for auto-proxying)
2020/01/05 15:12:43 [org.springframework.context.support.PostProcessorRegistrationDelegate$BeanPostProcessorChecker]-[INFO] Bean 'adminMapper' of type [org.mybatis.spring.mapper.MapperFactoryBean] is not eligible for getting processed by all BeanPostProcessors (for example: not eligible for auto-proxying)
2020/01/05 15:12:43 [org.springframework.context.support.PostProcessorRegistrationDelegate$BeanPostProcessorChecker]-[INFO] Bean 'adminMapper' of type [com.sun.proxy.$Proxy91] is not eligible for getting processed by all BeanPostProcessors (for example: not eligible for auto-proxying)
2020/01/05 15:12:43 [org.springframework.context.support.PostProcessorRegistrationDelegate$BeanPostProcessorChecker]-[INFO] Bean 'adminEventMapper' of type [org.mybatis.spring.mapper.MapperFactoryBean] is not eligible for getting processed by all BeanPostProcessors (for example: not eligible for auto-proxying)
2020/01/05 15:12:43 [org.springframework.context.support.PostProcessorRegistrationDelegate$BeanPostProcessorChecker]-[INFO] Bean 'adminEventMapper' of type [com.sun.proxy.$Proxy92] is not eligible for getting processed by all BeanPostProcessors (for example: not eligible for auto-proxying)
2020/01/05 15:12:43 [org.springframework.context.support.PostProcessorRegistrationDelegate$BeanPostProcessorChecker]-[INFO] Bean 'adminEventService' of type [com.antstar.admin.service.AdminEventService] is not eligible for getting processed by all BeanPostProcessors (for example: not eligible for auto-proxying)
2020/01/05 15:12:43 [org.springframework.context.support.PostProcessorRegistrationDelegate$BeanPostProcessorChecker]-[INFO] Bean 'roleMapper' of type [org.mybatis.spring.mapper.MapperFactoryBean] is not eligible for getting processed by all BeanPostProcessors (for example: not eligible for auto-proxying)
2020/01/05 15:12:43 [org.springframework.context.support.PostProcessorRegistrationDelegate$BeanPostProcessorChecker]-[INFO] Bean 'roleMapper' of type [com.sun.proxy.$Proxy93] is not eligible for getting processed by all BeanPostProcessors (for example: not eligible for auto-proxying)
2020/01/05 15:12:43 [org.springframework.context.support.PostProcessorRegistrationDelegate$BeanPostProcessorChecker]-[INFO] Bean 'roleService' of type [com.antstar.admin.service.RoleService] is not eligible for getting processed by all BeanPostProcessors (for example: not eligible for auto-proxying)
2020/01/05 15:12:43 [org.springframework.context.support.PostProcessorRegistrationDelegate$BeanPostProcessorChecker]-[INFO] Bean 'confConfig' of type [com.antstar.admin.consts.ConfConfig] is not eligible for getting processed by all BeanPostProcessors (for example: not eligible for auto-proxying)
2020/01/05 15:12:43 [org.springframework.context.support.PostProcessorRegistrationDelegate$BeanPostProcessorChecker]-[INFO] Bean 'redisConfig' of type [com.antstar.admin.config.RedisConfig$$EnhancerBySpringCGLIB$$dbb633bb] is not eligible for getting processed by all BeanPostProcessors (for example: not eligible for auto-proxying)
2020/01/05 15:12:43 [org.springframework.context.support.PostProcessorRegistrationDelegate$BeanPostProcessorChecker]-[INFO] Bean 'spring.redis-org.springframework.boot.autoconfigure.data.redis.RedisProperties' of type [org.springframework.boot.autoconfigure.data.redis.RedisProperties] is not eligible for getting processed by all BeanPostProcessors (for example: not eligible for auto-proxying)
2020/01/05 15:12:43 [org.springframework.context.support.PostProcessorRegistrationDelegate$BeanPostProcessorChecker]-[INFO] Bean 'org.springframework.boot.autoconfigure.data.redis.LettuceConnectionConfiguration' of type [org.springframework.boot.autoconfigure.data.redis.LettuceConnectionConfiguration] is not eligible for getting processed by all BeanPostProcessors (for example: not eligible for auto-proxying)
2020/01/05 15:12:44 [org.springframework.context.support.PostProcessorRegistrationDelegate$BeanPostProcessorChecker]-[INFO] Bean 'lettuceClientResources' of type [io.lettuce.core.resource.DefaultClientResources] is not eligible for getting processed by all BeanPostProcessors (for example: not eligible for auto-proxying)
2020/01/05 15:12:44 [org.springframework.context.support.PostProcessorRegistrationDelegate$BeanPostProcessorChecker]-[INFO] Bean 'redisConnectionFactory' of type [org.springframework.data.redis.connection.lettuce.LettuceConnectionFactory] is not eligible for getting processed by all BeanPostProcessors (for example: not eligible for auto-proxying)
2020/01/05 15:12:44 [org.springframework.context.support.PostProcessorRegistrationDelegate$BeanPostProcessorChecker]-[INFO] Bean 'redisTemplate' of type [org.springframework.data.redis.core.StringRedisTemplate] is not eligible for getting processed by all BeanPostProcessors (for example: not eligible for auto-proxying)
2020/01/05 15:12:44 [org.springframework.context.support.PostProcessorRegistrationDelegate$BeanPostProcessorChecker]-[INFO] Bean 'redisService' of type [com.antstar.admin.service.RedisService] is not eligible for getting processed by all BeanPostProcessors (for example: not eligible for auto-proxying)
2020/01/05 15:12:44 [org.springframework.context.support.PostProcessorRegistrationDelegate$BeanPostProcessorChecker]-[INFO] Bean 'storeMapper' of type [org.mybatis.spring.mapper.MapperFactoryBean] is not eligible for getting processed by all BeanPostProcessors (for example: not eligible for auto-proxying)
2020/01/05 15:12:44 [org.springframework.context.support.PostProcessorRegistrationDelegate$BeanPostProcessorChecker]-[INFO] Bean 'storeMapper' of type [com.sun.proxy.$Proxy97] is not eligible for getting processed by all BeanPostProcessors (for example: not eligible for auto-proxying)
2020/01/05 15:12:44 [org.springframework.context.support.PostProcessorRegistrationDelegate$BeanPostProcessorChecker]-[INFO] Bean 'storeService' of type [com.antstar.admin.service.StoreService] is not eligible for getting processed by all BeanPostProcessors (for example: not eligible for auto-proxying)
2020/01/05 15:12:44 [org.springframework.context.support.PostProcessorRegistrationDelegate$BeanPostProcessorChecker]-[INFO] Bean 'userMapper' of type [org.mybatis.spring.mapper.MapperFactoryBean] is not eligible for getting processed by all BeanPostProcessors (for example: not eligible for auto-proxying)
2020/01/05 15:12:44 [org.springframework.context.support.PostProcessorRegistrationDelegate$BeanPostProcessorChecker]-[INFO] Bean 'userMapper' of type [com.sun.proxy.$Proxy98] is not eligible for getting processed by all BeanPostProcessors (for example: not eligible for auto-proxying)
2020/01/05 15:12:44 [org.springframework.context.support.PostProcessorRegistrationDelegate$BeanPostProcessorChecker]-[INFO] Bean 'userShopMapper' of type [org.mybatis.spring.mapper.MapperFactoryBean] is not eligible for getting processed by all BeanPostProcessors (for example: not eligible for auto-proxying)
2020/01/05 15:12:44 [org.springframework.context.support.PostProcessorRegistrationDelegate$BeanPostProcessorChecker]-[INFO] Bean 'userShopMapper' of type [com.sun.proxy.$Proxy99] is not eligible for getting processed by all BeanPostProcessors (for example: not eligible for auto-proxying)
2020/01/05 15:12:44 [org.springframework.context.support.PostProcessorRegistrationDelegate$BeanPostProcessorChecker]-[INFO] Bean 'userShopService' of type [com.antstar.admin.service.UserShopService] is not eligible for getting processed by all BeanPostProcessors (for example: not eligible for auto-proxying)
2020/01/05 15:12:44 [org.springframework.context.support.PostProcessorRegistrationDelegate$BeanPostProcessorChecker]-[INFO] Bean 'userService' of type [com.antstar.admin.service.UserService] is not eligible for getting processed by all BeanPostProcessors (for example: not eligible for auto-proxying)
2020/01/05 15:12:44 [org.springframework.context.support.PostProcessorRegistrationDelegate$BeanPostProcessorChecker]-[INFO] Bean 'adminService' of type [com.antstar.admin.service.AdminService] is not eligible for getting processed by all BeanPostProcessors (for example: not eligible for auto-proxying)
2020/01/05 15:12:44 [org.springframework.context.support.PostProcessorRegistrationDelegate$BeanPostProcessorChecker]-[INFO] Bean 'shiroAccountRealm' of type [com.antstar.admin.shiro.realm.AdminRealm] is not eligible for getting processed by all BeanPostProcessors (for example: not eligible for auto-proxying)
2020/01/05 15:12:44 [org.springframework.context.support.PostProcessorRegistrationDelegate$BeanPostProcessorChecker]-[INFO] Bean 'rememberMeCookie' of type [org.apache.shiro.web.servlet.SimpleCookie] is not eligible for getting processed by all BeanPostProcessors (for example: not eligible for auto-proxying)
2020/01/05 15:12:44 [org.springframework.context.support.PostProcessorRegistrationDelegate$BeanPostProcessorChecker]-[INFO] Bean 'rememberMeManager' of type [org.apache.shiro.web.mgt.CookieRememberMeManager] is not eligible for getting processed by all BeanPostProcessors (for example: not eligible for auto-proxying)
2020/01/05 15:12:44 [org.springframework.context.support.PostProcessorRegistrationDelegate$BeanPostProcessorChecker]-[INFO] Bean 'sessionManager' of type [org.apache.shiro.web.session.mgt.DefaultWebSessionManager] is not eligible for getting processed by all BeanPostProcessors (for example: not eligible for auto-proxying)
2020/01/05 15:12:44 [org.springframework.context.support.PostProcessorRegistrationDelegate$BeanPostProcessorChecker]-[INFO] Bean 'securityManager' of type [org.apache.shiro.web.mgt.DefaultWebSecurityManager] is not eligible for getting processed by all BeanPostProcessors (for example: not eligible for auto-proxying)
2020/01/05 15:12:44 [org.springframework.context.support.PostProcessorRegistrationDelegate$BeanPostProcessorChecker]-[INFO] Bean 'org.springframework.transaction.annotation.ProxyTransactionManagementConfiguration' of type [org.springframework.transaction.annotation.ProxyTransactionManagementConfiguration] is not eligible for getting processed by all BeanPostProcessors (for example: not eligible for auto-proxying)
2020/01/05 15:12:45 [org.springframework.boot.web.embedded.tomcat.TomcatWebServer]-[INFO] Tomcat initialized with port(s): 8900 (http)
2020/01/05 15:12:45 [org.apache.coyote.http11.Http11NioProtocol]-[INFO] Initializing ProtocolHandler ["http-nio-8900"]
2020/01/05 15:12:45 [org.apache.catalina.core.StandardService]-[INFO] Starting service [Tomcat]
2020/01/05 15:12:45 [org.apache.catalina.core.StandardEngine]-[INFO] Starting Servlet engine: [Apache Tomcat/9.0.27]
2020/01/05 15:12:45 [org.apache.catalina.core.ContainerBase.[Tomcat].[localhost].[/]]-[INFO] Initializing Spring embedded WebApplicationContext
2020/01/05 15:12:45 [org.springframework.web.context.ContextLoader]-[INFO] Root WebApplicationContext: initialization completed in 6748 ms
2020/01/05 15:17:07 [com.alibaba.druid.pool.DruidAbstractDataSource]-[INFO] {dataSource-1} failContinuous is true
