1:C 29 Dec 2019 15:54:08.022 # oO0OoO0OoO0Oo Redis is starting oO0OoO0OoO0Oo
1:C 29 Dec 2019 15:54:08.022 # Redis version=5.0.7, bits=64, commit=00000000, modified=0, pid=1, just started
1:C 29 Dec 2019 15:54:08.022 # Configuration loaded
                _._                                                  
           _.-``__ ''-._                                             
      _.-``    `.  `_.  ''-._           Redis 5.0.7 (00000000/0) 64 bit
  .-`` .-```.  ```\/    _.,_ ''-._                                   
 (    '      ,       .-`  | `,    )     Running in standalone mode
 |`-._`-...-` __...-.``-._|'` _.-'|     Port: 6379
 |    `-._   `._    /     _.-'    |     PID: 1
  `-._    `-._  `-./  _.-'    _.-'                                   
 |`-._`-._    `-.__.-'    _.-'_.-'|                                  
 |    `-._`-._        _.-'_.-'    |           http://redis.io        
  `-._    `-._`-.__.-'_.-'    _.-'                                   
 |`-._`-._    `-.__.-'    _.-'_.-'|                                  
 |    `-._`-._        _.-'_.-'    |                                  
  `-._    `-._`-.__.-'_.-'    _.-'                                   
      `-._    `-.__.-'    _.-'                                       
          `-._        _.-'                                           
              `-.__.-'                                               

1:M 29 Dec 2019 15:54:08.024 # WARNING: The TCP backlog setting of 511 cannot be enforced because /proc/sys/net/core/somaxconn is set to the lower value of 128.
1:M 29 Dec 2019 15:54:08.024 # Server initialized
1:M 29 Dec 2019 15:54:08.024 # WARNING overcommit_memory is set to 0! Background save may fail under low memory condition. To fix this issue add 'vm.overcommit_memory = 1' to /etc/sysctl.conf and then reboot or run the command 'sysctl vm.overcommit_memory=1' for this to take effect.
1:M 29 Dec 2019 15:54:08.024 # WARNING you have Transparent Huge Pages (THP) support enabled in your kernel. This will create latency and memory usage issues with Redis. To fix this issue run the command 'echo never > /sys/kernel/mm/transparent_hugepage/enabled' as root, and add it to your /etc/rc.local in order to retain the setting after a reboot. Redis must be restarted after THP is disabled.
1:M 29 Dec 2019 15:54:08.024 * Ready to accept connections
1:signal-handler (1577656373) Received SIGTERM scheduling shutdown...
1:M 30 Dec 2019 05:52:53.769 # User requested shutdown...
1:M 30 Dec 2019 05:52:53.769 * Saving the final RDB snapshot before exiting.
1:M 30 Dec 2019 05:52:53.774 * DB saved on disk
1:M 30 Dec 2019 05:52:53.774 * Removing the pid file.
1:M 30 Dec 2019 05:52:53.774 # Redis is now ready to exit, bye bye...
1:C 04 Jan 2020 22:56:46.150 # oO0OoO0OoO0Oo Redis is starting oO0OoO0OoO0Oo
1:C 04 Jan 2020 22:56:46.150 # Redis version=5.0.7, bits=64, commit=00000000, modified=0, pid=1, just started
1:C 04 Jan 2020 22:56:46.150 # Configuration loaded
                _._                                                  
           _.-``__ ''-._                                             
      _.-``    `.  `_.  ''-._           Redis 5.0.7 (00000000/0) 64 bit
  .-`` .-```.  ```\/    _.,_ ''-._                                   
 (    '      ,       .-`  | `,    )     Running in standalone mode
 |`-._`-...-` __...-.``-._|'` _.-'|     Port: 6379
 |    `-._   `._    /     _.-'    |     PID: 1
  `-._    `-._  `-./  _.-'    _.-'                                   
 |`-._`-._    `-.__.-'    _.-'_.-'|                                  
 |    `-._`-._        _.-'_.-'    |           http://redis.io        
  `-._    `-._`-.__.-'_.-'    _.-'                                   
 |`-._`-._    `-.__.-'    _.-'_.-'|                                  
 |    `-._`-._        _.-'_.-'    |                                  
  `-._    `-._`-.__.-'_.-'    _.-'                                   
      `-._    `-.__.-'    _.-'                                       
          `-._        _.-'                                           
              `-.__.-'                                               

1:M 04 Jan 2020 22:56:46.152 # WARNING: The TCP backlog setting of 511 cannot be enforced because /proc/sys/net/core/somaxconn is set to the lower value of 128.
1:M 04 Jan 2020 22:56:46.152 # Server initialized
1:M 04 Jan 2020 22:56:46.152 # WARNING overcommit_memory is set to 0! Background save may fail under low memory condition. To fix this issue add 'vm.overcommit_memory = 1' to /etc/sysctl.conf and then reboot or run the command 'sysctl vm.overcommit_memory=1' for this to take effect.
1:M 04 Jan 2020 22:56:46.152 # WARNING you have Transparent Huge Pages (THP) support enabled in your kernel. This will create latency and memory usage issues with Redis. To fix this issue run the command 'echo never > /sys/kernel/mm/transparent_hugepage/enabled' as root, and add it to your /etc/rc.local in order to retain the setting after a reboot. Redis must be restarted after THP is disabled.
1:M 04 Jan 2020 22:56:46.152 * DB loaded from disk: 0.000 seconds
1:M 04 Jan 2020 22:56:46.152 * Ready to accept connections
1:signal-handler (1578150404) Received SIGTERM scheduling shutdown...
1:M 04 Jan 2020 23:06:44.618 # User requested shutdown...
1:M 04 Jan 2020 23:06:44.618 * Saving the final RDB snapshot before exiting.
1:M 04 Jan 2020 23:06:44.642 * DB saved on disk
1:M 04 Jan 2020 23:06:44.642 * Removing the pid file.
1:M 04 Jan 2020 23:06:44.642 # Redis is now ready to exit, bye bye...
1:C 04 Jan 2020 23:07:30.264 # oO0OoO0OoO0Oo Redis is starting oO0OoO0OoO0Oo
1:C 04 Jan 2020 23:07:30.264 # Redis version=5.0.7, bits=64, commit=00000000, modified=0, pid=1, just started
1:C 04 Jan 2020 23:07:30.264 # Configuration loaded
                _._                                                  
           _.-``__ ''-._                                             
      _.-``    `.  `_.  ''-._           Redis 5.0.7 (00000000/0) 64 bit
  .-`` .-```.  ```\/    _.,_ ''-._                                   
 (    '      ,       .-`  | `,    )     Running in standalone mode
 |`-._`-...-` __...-.``-._|'` _.-'|     Port: 6379
 |    `-._   `._    /     _.-'    |     PID: 1
  `-._    `-._  `-./  _.-'    _.-'                                   
 |`-._`-._    `-.__.-'    _.-'_.-'|                                  
 |    `-._`-._        _.-'_.-'    |           http://redis.io        
  `-._    `-._`-.__.-'_.-'    _.-'                                   
 |`-._`-._    `-.__.-'    _.-'_.-'|                                  
 |    `-._`-._        _.-'_.-'    |                                  
  `-._    `-._`-.__.-'_.-'    _.-'                                   
      `-._    `-.__.-'    _.-'                                       
          `-._        _.-'                                           
              `-.__.-'                                               

1:M 04 Jan 2020 23:07:30.266 # WARNING: The TCP backlog setting of 511 cannot be enforced because /proc/sys/net/core/somaxconn is set to the lower value of 128.
1:M 04 Jan 2020 23:07:30.266 # Server initialized
1:M 04 Jan 2020 23:07:30.266 # WARNING overcommit_memory is set to 0! Background save may fail under low memory condition. To fix this issue add 'vm.overcommit_memory = 1' to /etc/sysctl.conf and then reboot or run the command 'sysctl vm.overcommit_memory=1' for this to take effect.
1:M 04 Jan 2020 23:07:30.266 # WARNING you have Transparent Huge Pages (THP) support enabled in your kernel. This will create latency and memory usage issues with Redis. To fix this issue run the command 'echo never > /sys/kernel/mm/transparent_hugepage/enabled' as root, and add it to your /etc/rc.local in order to retain the setting after a reboot. Redis must be restarted after THP is disabled.
1:M 04 Jan 2020 23:07:30.266 * DB loaded from disk: 0.000 seconds
1:M 04 Jan 2020 23:07:30.266 * Ready to accept connections
1:signal-handler (1578155302) Received SIGTERM scheduling shutdown...
1:M 05 Jan 2020 00:28:22.330 # User requested shutdown...
1:M 05 Jan 2020 00:28:22.330 * Saving the final RDB snapshot before exiting.
1:M 05 Jan 2020 00:28:22.335 * DB saved on disk
1:M 05 Jan 2020 00:28:22.335 * Removing the pid file.
1:M 05 Jan 2020 00:28:22.335 # Redis is now ready to exit, bye bye...
1:C 05 Jan 2020 00:28:34.918 # oO0OoO0OoO0Oo Redis is starting oO0OoO0OoO0Oo
1:C 05 Jan 2020 00:28:34.918 # Redis version=5.0.7, bits=64, commit=00000000, modified=0, pid=1, just started
1:C 05 Jan 2020 00:28:34.918 # Configuration loaded
                _._                                                  
           _.-``__ ''-._                                             
      _.-``    `.  `_.  ''-._           Redis 5.0.7 (00000000/0) 64 bit
  .-`` .-```.  ```\/    _.,_ ''-._                                   
 (    '      ,       .-`  | `,    )     Running in standalone mode
 |`-._`-...-` __...-.``-._|'` _.-'|     Port: 6379
 |    `-._   `._    /     _.-'    |     PID: 1
  `-._    `-._  `-./  _.-'    _.-'                                   
 |`-._`-._    `-.__.-'    _.-'_.-'|                                  
 |    `-._`-._        _.-'_.-'    |           http://redis.io        
  `-._    `-._`-.__.-'_.-'    _.-'                                   
 |`-._`-._    `-.__.-'    _.-'_.-'|                                  
 |    `-._`-._        _.-'_.-'    |                                  
  `-._    `-._`-.__.-'_.-'    _.-'                                   
      `-._    `-.__.-'    _.-'                                       
          `-._        _.-'                                           
              `-.__.-'                                               

1:M 05 Jan 2020 00:28:34.919 # WARNING: The TCP backlog setting of 511 cannot be enforced because /proc/sys/net/core/somaxconn is set to the lower value of 128.
1:M 05 Jan 2020 00:28:34.919 # Server initialized
1:M 05 Jan 2020 00:28:34.919 # WARNING overcommit_memory is set to 0! Background save may fail under low memory condition. To fix this issue add 'vm.overcommit_memory = 1' to /etc/sysctl.conf and then reboot or run the command 'sysctl vm.overcommit_memory=1' for this to take effect.
1:M 05 Jan 2020 00:28:34.919 # WARNING you have Transparent Huge Pages (THP) support enabled in your kernel. This will create latency and memory usage issues with Redis. To fix this issue run the command 'echo never > /sys/kernel/mm/transparent_hugepage/enabled' as root, and add it to your /etc/rc.local in order to retain the setting after a reboot. Redis must be restarted after THP is disabled.
1:M 05 Jan 2020 00:28:34.920 * DB loaded from disk: 0.000 seconds
1:M 05 Jan 2020 00:28:34.920 * Ready to accept connections
1:signal-handler (1578155472) Received SIGTERM scheduling shutdown...
1:M 05 Jan 2020 00:31:12.111 # User requested shutdown...
1:M 05 Jan 2020 00:31:12.111 * Saving the final RDB snapshot before exiting.
1:M 05 Jan 2020 00:31:12.118 * DB saved on disk
1:M 05 Jan 2020 00:31:12.118 * Removing the pid file.
1:M 05 Jan 2020 00:31:12.118 # Redis is now ready to exit, bye bye...
1:C 05 Jan 2020 00:31:22.313 # oO0OoO0OoO0Oo Redis is starting oO0OoO0OoO0Oo
1:C 05 Jan 2020 00:31:22.313 # Redis version=5.0.7, bits=64, commit=00000000, modified=0, pid=1, just started
1:C 05 Jan 2020 00:31:22.313 # Configuration loaded
                _._                                                  
           _.-``__ ''-._                                             
      _.-``    `.  `_.  ''-._           Redis 5.0.7 (00000000/0) 64 bit
  .-`` .-```.  ```\/    _.,_ ''-._                                   
 (    '      ,       .-`  | `,    )     Running in standalone mode
 |`-._`-...-` __...-.``-._|'` _.-'|     Port: 6379
 |    `-._   `._    /     _.-'    |     PID: 1
  `-._    `-._  `-./  _.-'    _.-'                                   
 |`-._`-._    `-.__.-'    _.-'_.-'|                                  
 |    `-._`-._        _.-'_.-'    |           http://redis.io        
  `-._    `-._`-.__.-'_.-'    _.-'                                   
 |`-._`-._    `-.__.-'    _.-'_.-'|                                  
 |    `-._`-._        _.-'_.-'    |                                  
  `-._    `-._`-.__.-'_.-'    _.-'                                   
      `-._    `-.__.-'    _.-'                                       
          `-._        _.-'                                           
              `-.__.-'                                               

1:M 05 Jan 2020 00:31:22.314 # WARNING: The TCP backlog setting of 511 cannot be enforced because /proc/sys/net/core/somaxconn is set to the lower value of 128.
1:M 05 Jan 2020 00:31:22.314 # Server initialized
1:M 05 Jan 2020 00:31:22.314 # WARNING overcommit_memory is set to 0! Background save may fail under low memory condition. To fix this issue add 'vm.overcommit_memory = 1' to /etc/sysctl.conf and then reboot or run the command 'sysctl vm.overcommit_memory=1' for this to take effect.
1:M 05 Jan 2020 00:31:22.314 # WARNING you have Transparent Huge Pages (THP) support enabled in your kernel. This will create latency and memory usage issues with Redis. To fix this issue run the command 'echo never > /sys/kernel/mm/transparent_hugepage/enabled' as root, and add it to your /etc/rc.local in order to retain the setting after a reboot. Redis must be restarted after THP is disabled.
1:M 05 Jan 2020 00:31:22.314 * DB loaded from disk: 0.000 seconds
1:M 05 Jan 2020 00:31:22.314 * Ready to accept connections
1:signal-handler (1578228143) Received SIGTERM scheduling shutdown...
1:M 05 Jan 2020 20:42:23.743 # User requested shutdown...
1:M 05 Jan 2020 20:42:23.743 * Saving the final RDB snapshot before exiting.
1:M 05 Jan 2020 20:42:23.784 * DB saved on disk
1:M 05 Jan 2020 20:42:23.784 * Removing the pid file.
1:M 05 Jan 2020 20:42:23.788 # Redis is now ready to exit, bye bye...
1:C 06 Jan 2020 00:12:54.145 # oO0OoO0OoO0Oo Redis is starting oO0OoO0OoO0Oo
1:C 06 Jan 2020 00:12:54.147 # Redis version=5.0.7, bits=64, commit=00000000, modified=0, pid=1, just started
1:C 06 Jan 2020 00:12:54.147 # Configuration loaded
                _._                                                  
           _.-``__ ''-._                                             
      _.-``    `.  `_.  ''-._           Redis 5.0.7 (00000000/0) 64 bit
  .-`` .-```.  ```\/    _.,_ ''-._                                   
 (    '      ,       .-`  | `,    )     Running in standalone mode
 |`-._`-...-` __...-.``-._|'` _.-'|     Port: 6379
 |    `-._   `._    /     _.-'    |     PID: 1
  `-._    `-._  `-./  _.-'    _.-'                                   
 |`-._`-._    `-.__.-'    _.-'_.-'|                                  
 |    `-._`-._        _.-'_.-'    |           http://redis.io        
  `-._    `-._`-.__.-'_.-'    _.-'                                   
 |`-._`-._    `-.__.-'    _.-'_.-'|                                  
 |    `-._`-._        _.-'_.-'    |                                  
  `-._    `-._`-.__.-'_.-'    _.-'                                   
      `-._    `-.__.-'    _.-'                                       
          `-._        _.-'                                           
              `-.__.-'                                               

1:M 06 Jan 2020 00:12:54.148 # WARNING: The TCP backlog setting of 511 cannot be enforced because /proc/sys/net/core/somaxconn is set to the lower value of 128.
1:M 06 Jan 2020 00:12:54.148 # Server initialized
1:M 06 Jan 2020 00:12:54.149 # WARNING overcommit_memory is set to 0! Background save may fail under low memory condition. To fix this issue add 'vm.overcommit_memory = 1' to /etc/sysctl.conf and then reboot or run the command 'sysctl vm.overcommit_memory=1' for this to take effect.
1:M 06 Jan 2020 00:12:54.149 # WARNING you have Transparent Huge Pages (THP) support enabled in your kernel. This will create latency and memory usage issues with Redis. To fix this issue run the command 'echo never > /sys/kernel/mm/transparent_hugepage/enabled' as root, and add it to your /etc/rc.local in order to retain the setting after a reboot. Redis must be restarted after THP is disabled.
1:M 06 Jan 2020 00:12:54.150 * DB loaded from disk: 0.001 seconds
1:M 06 Jan 2020 00:12:54.150 * Ready to accept connections
1:signal-handler (1578316358) Received SIGTERM scheduling shutdown...
1:M 06 Jan 2020 21:12:38.098 # User requested shutdown...
1:M 06 Jan 2020 21:12:38.098 * Saving the final RDB snapshot before exiting.
1:M 06 Jan 2020 21:12:38.175 * DB saved on disk
1:M 06 Jan 2020 21:12:38.175 * Removing the pid file.
1:M 06 Jan 2020 21:12:38.175 # Redis is now ready to exit, bye bye...
1:C 06 Jan 2020 21:13:35.262 # oO0OoO0OoO0Oo Redis is starting oO0OoO0OoO0Oo
1:C 06 Jan 2020 21:13:35.264 # Redis version=5.0.7, bits=64, commit=00000000, modified=0, pid=1, just started
1:C 06 Jan 2020 21:13:35.264 # Configuration loaded
                _._                                                  
           _.-``__ ''-._                                             
      _.-``    `.  `_.  ''-._           Redis 5.0.7 (00000000/0) 64 bit
  .-`` .-```.  ```\/    _.,_ ''-._                                   
 (    '      ,       .-`  | `,    )     Running in standalone mode
 |`-._`-...-` __...-.``-._|'` _.-'|     Port: 6379
 |    `-._   `._    /     _.-'    |     PID: 1
  `-._    `-._  `-./  _.-'    _.-'                                   
 |`-._`-._    `-.__.-'    _.-'_.-'|                                  
 |    `-._`-._        _.-'_.-'    |           http://redis.io        
  `-._    `-._`-.__.-'_.-'    _.-'                                   
 |`-._`-._    `-.__.-'    _.-'_.-'|                                  
 |    `-._`-._        _.-'_.-'    |                                  
  `-._    `-._`-.__.-'_.-'    _.-'                                   
      `-._    `-.__.-'    _.-'                                       
          `-._        _.-'                                           
              `-.__.-'                                               

1:M 06 Jan 2020 21:13:35.276 # WARNING: The TCP backlog setting of 511 cannot be enforced because /proc/sys/net/core/somaxconn is set to the lower value of 128.
1:M 06 Jan 2020 21:13:35.276 # Server initialized
1:M 06 Jan 2020 21:13:35.276 # WARNING overcommit_memory is set to 0! Background save may fail under low memory condition. To fix this issue add 'vm.overcommit_memory = 1' to /etc/sysctl.conf and then reboot or run the command 'sysctl vm.overcommit_memory=1' for this to take effect.
1:M 06 Jan 2020 21:13:35.276 # WARNING you have Transparent Huge Pages (THP) support enabled in your kernel. This will create latency and memory usage issues with Redis. To fix this issue run the command 'echo never > /sys/kernel/mm/transparent_hugepage/enabled' as root, and add it to your /etc/rc.local in order to retain the setting after a reboot. Redis must be restarted after THP is disabled.
1:M 06 Jan 2020 21:13:35.280 * DB loaded from disk: 0.003 seconds
1:M 06 Jan 2020 21:13:35.280 * Ready to accept connections
1:signal-handler (1578481916) Received SIGTERM scheduling shutdown...
1:M 08 Jan 2020 19:11:56.352 # User requested shutdown...
1:M 08 Jan 2020 19:11:56.352 * Saving the final RDB snapshot before exiting.
1:M 08 Jan 2020 19:11:56.368 * DB saved on disk
1:M 08 Jan 2020 19:11:56.368 * Removing the pid file.
1:M 08 Jan 2020 19:11:56.368 # Redis is now ready to exit, bye bye...
1:C 08 Jan 2020 19:12:43.631 # oO0OoO0OoO0Oo Redis is starting oO0OoO0OoO0Oo
1:C 08 Jan 2020 19:12:43.634 # Redis version=5.0.7, bits=64, commit=00000000, modified=0, pid=1, just started
1:C 08 Jan 2020 19:12:43.634 # Configuration loaded
                _._                                                  
           _.-``__ ''-._                                             
      _.-``    `.  `_.  ''-._           Redis 5.0.7 (00000000/0) 64 bit
  .-`` .-```.  ```\/    _.,_ ''-._                                   
 (    '      ,       .-`  | `,    )     Running in standalone mode
 |`-._`-...-` __...-.``-._|'` _.-'|     Port: 6379
 |    `-._   `._    /     _.-'    |     PID: 1
  `-._    `-._  `-./  _.-'    _.-'                                   
 |`-._`-._    `-.__.-'    _.-'_.-'|                                  
 |    `-._`-._        _.-'_.-'    |           http://redis.io        
  `-._    `-._`-.__.-'_.-'    _.-'                                   
 |`-._`-._    `-.__.-'    _.-'_.-'|                                  
 |    `-._`-._        _.-'_.-'    |                                  
  `-._    `-._`-.__.-'_.-'    _.-'                                   
      `-._    `-.__.-'    _.-'                                       
          `-._        _.-'                                           
              `-.__.-'                                               

1:M 08 Jan 2020 19:12:43.638 # WARNING: The TCP backlog setting of 511 cannot be enforced because /proc/sys/net/core/somaxconn is set to the lower value of 128.
1:M 08 Jan 2020 19:12:43.638 # Server initialized
1:M 08 Jan 2020 19:12:43.638 # WARNING overcommit_memory is set to 0! Background save may fail under low memory condition. To fix this issue add 'vm.overcommit_memory = 1' to /etc/sysctl.conf and then reboot or run the command 'sysctl vm.overcommit_memory=1' for this to take effect.
1:M 08 Jan 2020 19:12:43.638 # WARNING you have Transparent Huge Pages (THP) support enabled in your kernel. This will create latency and memory usage issues with Redis. To fix this issue run the command 'echo never > /sys/kernel/mm/transparent_hugepage/enabled' as root, and add it to your /etc/rc.local in order to retain the setting after a reboot. Redis must be restarted after THP is disabled.
1:M 08 Jan 2020 19:12:43.641 * DB loaded from disk: 0.002 seconds
1:M 08 Jan 2020 19:12:43.641 * Ready to accept connections
1:signal-handler (1578568452) Received SIGTERM scheduling shutdown...
1:M 09 Jan 2020 19:14:12.395 # User requested shutdown...
1:M 09 Jan 2020 19:14:12.395 * Saving the final RDB snapshot before exiting.
1:M 09 Jan 2020 19:14:12.404 * DB saved on disk
1:M 09 Jan 2020 19:14:12.404 * Removing the pid file.
1:M 09 Jan 2020 19:14:12.404 # Redis is now ready to exit, bye bye...
1:C 09 Jan 2020 19:14:52.013 # oO0OoO0OoO0Oo Redis is starting oO0OoO0OoO0Oo
1:C 09 Jan 2020 19:14:52.013 # Redis version=5.0.7, bits=64, commit=00000000, modified=0, pid=1, just started
1:C 09 Jan 2020 19:14:52.013 # Configuration loaded
                _._                                                  
           _.-``__ ''-._                                             
      _.-``    `.  `_.  ''-._           Redis 5.0.7 (00000000/0) 64 bit
  .-`` .-```.  ```\/    _.,_ ''-._                                   
 (    '      ,       .-`  | `,    )     Running in standalone mode
 |`-._`-...-` __...-.``-._|'` _.-'|     Port: 6379
 |    `-._   `._    /     _.-'    |     PID: 1
  `-._    `-._  `-./  _.-'    _.-'                                   
 |`-._`-._    `-.__.-'    _.-'_.-'|                                  
 |    `-._`-._        _.-'_.-'    |           http://redis.io        
  `-._    `-._`-.__.-'_.-'    _.-'                                   
 |`-._`-._    `-.__.-'    _.-'_.-'|                                  
 |    `-._`-._        _.-'_.-'    |                                  
  `-._    `-._`-.__.-'_.-'    _.-'                                   
      `-._    `-.__.-'    _.-'                                       
          `-._        _.-'                                           
              `-.__.-'                                               

1:M 09 Jan 2020 19:14:52.015 # WARNING: The TCP backlog setting of 511 cannot be enforced because /proc/sys/net/core/somaxconn is set to the lower value of 128.
1:M 09 Jan 2020 19:14:52.015 # Server initialized
1:M 09 Jan 2020 19:14:52.016 # WARNING overcommit_memory is set to 0! Background save may fail under low memory condition. To fix this issue add 'vm.overcommit_memory = 1' to /etc/sysctl.conf and then reboot or run the command 'sysctl vm.overcommit_memory=1' for this to take effect.
1:M 09 Jan 2020 19:14:52.016 # WARNING you have Transparent Huge Pages (THP) support enabled in your kernel. This will create latency and memory usage issues with Redis. To fix this issue run the command 'echo never > /sys/kernel/mm/transparent_hugepage/enabled' as root, and add it to your /etc/rc.local in order to retain the setting after a reboot. Redis must be restarted after THP is disabled.
1:M 09 Jan 2020 19:14:52.016 * DB loaded from disk: 0.000 seconds
1:M 09 Jan 2020 19:14:52.016 * Ready to accept connections
1:signal-handler (1578655042) Received SIGTERM scheduling shutdown...
1:M 10 Jan 2020 19:17:22.711 # User requested shutdown...
1:M 10 Jan 2020 19:17:22.711 * Saving the final RDB snapshot before exiting.
1:M 10 Jan 2020 19:17:22.717 * DB saved on disk
1:M 10 Jan 2020 19:17:22.718 * Removing the pid file.
1:M 10 Jan 2020 19:17:22.718 # Redis is now ready to exit, bye bye...
1:C 10 Jan 2020 19:18:19.860 # oO0OoO0OoO0Oo Redis is starting oO0OoO0OoO0Oo
1:C 10 Jan 2020 19:18:19.861 # Redis version=5.0.7, bits=64, commit=00000000, modified=0, pid=1, just started
1:C 10 Jan 2020 19:18:19.861 # Configuration loaded
                _._                                                  
           _.-``__ ''-._                                             
      _.-``    `.  `_.  ''-._           Redis 5.0.7 (00000000/0) 64 bit
  .-`` .-```.  ```\/    _.,_ ''-._                                   
 (    '      ,       .-`  | `,    )     Running in standalone mode
 |`-._`-...-` __...-.``-._|'` _.-'|     Port: 6379
 |    `-._   `._    /     _.-'    |     PID: 1
  `-._    `-._  `-./  _.-'    _.-'                                   
 |`-._`-._    `-.__.-'    _.-'_.-'|                                  
 |    `-._`-._        _.-'_.-'    |           http://redis.io        
  `-._    `-._`-.__.-'_.-'    _.-'                                   
 |`-._`-._    `-.__.-'    _.-'_.-'|                                  
 |    `-._`-._        _.-'_.-'    |                                  
  `-._    `-._`-.__.-'_.-'    _.-'                                   
      `-._    `-.__.-'    _.-'                                       
          `-._        _.-'                                           
              `-.__.-'                                               

1:M 10 Jan 2020 19:18:19.865 # WARNING: The TCP backlog setting of 511 cannot be enforced because /proc/sys/net/core/somaxconn is set to the lower value of 128.
1:M 10 Jan 2020 19:18:19.865 # Server initialized
1:M 10 Jan 2020 19:18:19.865 # WARNING overcommit_memory is set to 0! Background save may fail under low memory condition. To fix this issue add 'vm.overcommit_memory = 1' to /etc/sysctl.conf and then reboot or run the command 'sysctl vm.overcommit_memory=1' for this to take effect.
1:M 10 Jan 2020 19:18:19.865 # WARNING you have Transparent Huge Pages (THP) support enabled in your kernel. This will create latency and memory usage issues with Redis. To fix this issue run the command 'echo never > /sys/kernel/mm/transparent_hugepage/enabled' as root, and add it to your /etc/rc.local in order to retain the setting after a reboot. Redis must be restarted after THP is disabled.
1:M 10 Jan 2020 19:18:19.866 * DB loaded from disk: 0.001 seconds
1:M 10 Jan 2020 19:18:19.866 * Ready to accept connections
1:C 11 Jan 2020 19:01:00.397 # oO0OoO0OoO0Oo Redis is starting oO0OoO0OoO0Oo
1:C 11 Jan 2020 19:01:00.399 # Redis version=5.0.7, bits=64, commit=00000000, modified=0, pid=1, just started
1:C 11 Jan 2020 19:01:00.399 # Configuration loaded
                _._                                                  
           _.-``__ ''-._                                             
      _.-``    `.  `_.  ''-._           Redis 5.0.7 (00000000/0) 64 bit
  .-`` .-```.  ```\/    _.,_ ''-._                                   
 (    '      ,       .-`  | `,    )     Running in standalone mode
 |`-._`-...-` __...-.``-._|'` _.-'|     Port: 6379
 |    `-._   `._    /     _.-'    |     PID: 1
  `-._    `-._  `-./  _.-'    _.-'                                   
 |`-._`-._    `-.__.-'    _.-'_.-'|                                  
 |    `-._`-._        _.-'_.-'    |           http://redis.io        
  `-._    `-._`-.__.-'_.-'    _.-'                                   
 |`-._`-._    `-.__.-'    _.-'_.-'|                                  
 |    `-._`-._        _.-'_.-'    |                                  
  `-._    `-._`-.__.-'_.-'    _.-'                                   
      `-._    `-.__.-'    _.-'                                       
          `-._        _.-'                                           
              `-.__.-'                                               

1:M 11 Jan 2020 19:01:00.404 # WARNING: The TCP backlog setting of 511 cannot be enforced because /proc/sys/net/core/somaxconn is set to the lower value of 128.
1:M 11 Jan 2020 19:01:00.404 # Server initialized
1:M 11 Jan 2020 19:01:00.404 # WARNING overcommit_memory is set to 0! Background save may fail under low memory condition. To fix this issue add 'vm.overcommit_memory = 1' to /etc/sysctl.conf and then reboot or run the command 'sysctl vm.overcommit_memory=1' for this to take effect.
1:M 11 Jan 2020 19:01:00.404 # WARNING you have Transparent Huge Pages (THP) support enabled in your kernel. This will create latency and memory usage issues with Redis. To fix this issue run the command 'echo never > /sys/kernel/mm/transparent_hugepage/enabled' as root, and add it to your /etc/rc.local in order to retain the setting after a reboot. Redis must be restarted after THP is disabled.
1:M 11 Jan 2020 19:01:00.405 * DB loaded from disk: 0.000 seconds
1:M 11 Jan 2020 19:01:00.405 * Ready to accept connections
1:signal-handler (1578740546) Received SIGTERM scheduling shutdown...
1:M 11 Jan 2020 19:02:26.788 # User requested shutdown...
1:M 11 Jan 2020 19:02:26.788 * Saving the final RDB snapshot before exiting.
1:M 11 Jan 2020 19:02:26.896 * DB saved on disk
1:M 11 Jan 2020 19:02:26.896 * Removing the pid file.
1:M 11 Jan 2020 19:02:26.896 # Redis is now ready to exit, bye bye...
1:C 11 Jan 2020 19:03:32.909 # oO0OoO0OoO0Oo Redis is starting oO0OoO0OoO0Oo
1:C 11 Jan 2020 19:03:32.909 # Redis version=5.0.7, bits=64, commit=00000000, modified=0, pid=1, just started
1:C 11 Jan 2020 19:03:32.910 # Configuration loaded
                _._                                                  
           _.-``__ ''-._                                             
      _.-``    `.  `_.  ''-._           Redis 5.0.7 (00000000/0) 64 bit
  .-`` .-```.  ```\/    _.,_ ''-._                                   
 (    '      ,       .-`  | `,    )     Running in standalone mode
 |`-._`-...-` __...-.``-._|'` _.-'|     Port: 6379
 |    `-._   `._    /     _.-'    |     PID: 1
  `-._    `-._  `-./  _.-'    _.-'                                   
 |`-._`-._    `-.__.-'    _.-'_.-'|                                  
 |    `-._`-._        _.-'_.-'    |           http://redis.io        
  `-._    `-._`-.__.-'_.-'    _.-'                                   
 |`-._`-._    `-.__.-'    _.-'_.-'|                                  
 |    `-._`-._        _.-'_.-'    |                                  
  `-._    `-._`-.__.-'_.-'    _.-'                                   
      `-._    `-.__.-'    _.-'                                       
          `-._        _.-'                                           
              `-.__.-'                                               

1:M 11 Jan 2020 19:03:32.912 # WARNING: The TCP backlog setting of 511 cannot be enforced because /proc/sys/net/core/somaxconn is set to the lower value of 128.
1:M 11 Jan 2020 19:03:32.912 # Server initialized
1:M 11 Jan 2020 19:03:32.912 # WARNING overcommit_memory is set to 0! Background save may fail under low memory condition. To fix this issue add 'vm.overcommit_memory = 1' to /etc/sysctl.conf and then reboot or run the command 'sysctl vm.overcommit_memory=1' for this to take effect.
1:M 11 Jan 2020 19:03:32.912 # WARNING you have Transparent Huge Pages (THP) support enabled in your kernel. This will create latency and memory usage issues with Redis. To fix this issue run the command 'echo never > /sys/kernel/mm/transparent_hugepage/enabled' as root, and add it to your /etc/rc.local in order to retain the setting after a reboot. Redis must be restarted after THP is disabled.
1:M 11 Jan 2020 19:03:32.913 * DB loaded from disk: 0.000 seconds
1:M 11 Jan 2020 19:03:32.913 * Ready to accept connections
1:signal-handler (1578799525) Received SIGTERM scheduling shutdown...
1:M 12 Jan 2020 11:25:25.759 # User requested shutdown...
1:M 12 Jan 2020 11:25:25.759 * Saving the final RDB snapshot before exiting.
1:M 12 Jan 2020 11:25:25.769 * DB saved on disk
1:M 12 Jan 2020 11:25:25.769 * Removing the pid file.
1:M 12 Jan 2020 11:25:25.769 # Redis is now ready to exit, bye bye...
1:C 12 Jan 2020 11:26:28.719 # oO0OoO0OoO0Oo Redis is starting oO0OoO0OoO0Oo
1:C 12 Jan 2020 11:26:28.719 # Redis version=5.0.7, bits=64, commit=00000000, modified=0, pid=1, just started
1:C 12 Jan 2020 11:26:28.719 # Configuration loaded
                _._                                                  
           _.-``__ ''-._                                             
      _.-``    `.  `_.  ''-._           Redis 5.0.7 (00000000/0) 64 bit
  .-`` .-```.  ```\/    _.,_ ''-._                                   
 (    '      ,       .-`  | `,    )     Running in standalone mode
 |`-._`-...-` __...-.``-._|'` _.-'|     Port: 6379
 |    `-._   `._    /     _.-'    |     PID: 1
  `-._    `-._  `-./  _.-'    _.-'                                   
 |`-._`-._    `-.__.-'    _.-'_.-'|                                  
 |    `-._`-._        _.-'_.-'    |           http://redis.io        
  `-._    `-._`-.__.-'_.-'    _.-'                                   
 |`-._`-._    `-.__.-'    _.-'_.-'|                                  
 |    `-._`-._        _.-'_.-'    |                                  
  `-._    `-._`-.__.-'_.-'    _.-'                                   
      `-._    `-.__.-'    _.-'                                       
          `-._        _.-'                                           
              `-.__.-'                                               

1:M 12 Jan 2020 11:26:28.722 # WARNING: The TCP backlog setting of 511 cannot be enforced because /proc/sys/net/core/somaxconn is set to the lower value of 128.
1:M 12 Jan 2020 11:26:28.722 # Server initialized
1:M 12 Jan 2020 11:26:28.722 # WARNING overcommit_memory is set to 0! Background save may fail under low memory condition. To fix this issue add 'vm.overcommit_memory = 1' to /etc/sysctl.conf and then reboot or run the command 'sysctl vm.overcommit_memory=1' for this to take effect.
1:M 12 Jan 2020 11:26:28.722 # WARNING you have Transparent Huge Pages (THP) support enabled in your kernel. This will create latency and memory usage issues with Redis. To fix this issue run the command 'echo never > /sys/kernel/mm/transparent_hugepage/enabled' as root, and add it to your /etc/rc.local in order to retain the setting after a reboot. Redis must be restarted after THP is disabled.
1:M 12 Jan 2020 11:26:28.723 * DB loaded from disk: 0.001 seconds
1:M 12 Jan 2020 11:26:28.723 * Ready to accept connections
1:signal-handler (1578806608) Received SIGTERM scheduling shutdown...
1:M 12 Jan 2020 13:23:28.179 # User requested shutdown...
1:M 12 Jan 2020 13:23:28.179 * Saving the final RDB snapshot before exiting.
1:M 12 Jan 2020 13:23:28.203 * DB saved on disk
1:M 12 Jan 2020 13:23:28.203 * Removing the pid file.
1:M 12 Jan 2020 13:23:28.203 # Redis is now ready to exit, bye bye...
1:C 12 Jan 2020 13:24:13.555 # oO0OoO0OoO0Oo Redis is starting oO0OoO0OoO0Oo
1:C 12 Jan 2020 13:24:13.556 # Redis version=5.0.7, bits=64, commit=00000000, modified=0, pid=1, just started
1:C 12 Jan 2020 13:24:13.556 # Configuration loaded
                _._                                                  
           _.-``__ ''-._                                             
      _.-``    `.  `_.  ''-._           Redis 5.0.7 (00000000/0) 64 bit
  .-`` .-```.  ```\/    _.,_ ''-._                                   
 (    '      ,       .-`  | `,    )     Running in standalone mode
 |`-._`-...-` __...-.``-._|'` _.-'|     Port: 6379
 |    `-._   `._    /     _.-'    |     PID: 1
  `-._    `-._  `-./  _.-'    _.-'                                   
 |`-._`-._    `-.__.-'    _.-'_.-'|                                  
 |    `-._`-._        _.-'_.-'    |           http://redis.io        
  `-._    `-._`-.__.-'_.-'    _.-'                                   
 |`-._`-._    `-.__.-'    _.-'_.-'|                                  
 |    `-._`-._        _.-'_.-'    |                                  
  `-._    `-._`-.__.-'_.-'    _.-'                                   
      `-._    `-.__.-'    _.-'                                       
          `-._        _.-'                                           
              `-.__.-'                                               

1:M 12 Jan 2020 13:24:13.558 # WARNING: The TCP backlog setting of 511 cannot be enforced because /proc/sys/net/core/somaxconn is set to the lower value of 128.
1:M 12 Jan 2020 13:24:13.558 # Server initialized
1:M 12 Jan 2020 13:24:13.558 # WARNING overcommit_memory is set to 0! Background save may fail under low memory condition. To fix this issue add 'vm.overcommit_memory = 1' to /etc/sysctl.conf and then reboot or run the command 'sysctl vm.overcommit_memory=1' for this to take effect.
1:M 12 Jan 2020 13:24:13.558 # WARNING you have Transparent Huge Pages (THP) support enabled in your kernel. This will create latency and memory usage issues with Redis. To fix this issue run the command 'echo never > /sys/kernel/mm/transparent_hugepage/enabled' as root, and add it to your /etc/rc.local in order to retain the setting after a reboot. Redis must be restarted after THP is disabled.
1:M 12 Jan 2020 13:24:13.559 * DB loaded from disk: 0.000 seconds
1:M 12 Jan 2020 13:24:13.559 * Ready to accept connections
1:signal-handler (1578819862) Received SIGTERM scheduling shutdown...
1:M 12 Jan 2020 17:04:22.651 # User requested shutdown...
1:M 12 Jan 2020 17:04:22.651 * Saving the final RDB snapshot before exiting.
1:M 12 Jan 2020 17:04:22.655 * DB saved on disk
1:M 12 Jan 2020 17:04:22.655 * Removing the pid file.
1:M 12 Jan 2020 17:04:22.655 # Redis is now ready to exit, bye bye...
1:C 12 Jan 2020 17:05:21.129 # oO0OoO0OoO0Oo Redis is starting oO0OoO0OoO0Oo
1:C 12 Jan 2020 17:05:21.129 # Redis version=5.0.7, bits=64, commit=00000000, modified=0, pid=1, just started
1:C 12 Jan 2020 17:05:21.129 # Configuration loaded
                _._                                                  
           _.-``__ ''-._                                             
      _.-``    `.  `_.  ''-._           Redis 5.0.7 (00000000/0) 64 bit
  .-`` .-```.  ```\/    _.,_ ''-._                                   
 (    '      ,       .-`  | `,    )     Running in standalone mode
 |`-._`-...-` __...-.``-._|'` _.-'|     Port: 6379
 |    `-._   `._    /     _.-'    |     PID: 1
  `-._    `-._  `-./  _.-'    _.-'                                   
 |`-._`-._    `-.__.-'    _.-'_.-'|                                  
 |    `-._`-._        _.-'_.-'    |           http://redis.io        
  `-._    `-._`-.__.-'_.-'    _.-'                                   
 |`-._`-._    `-.__.-'    _.-'_.-'|                                  
 |    `-._`-._        _.-'_.-'    |                                  
  `-._    `-._`-.__.-'_.-'    _.-'                                   
      `-._    `-.__.-'    _.-'                                       
          `-._        _.-'                                           
              `-.__.-'                                               

1:M 12 Jan 2020 17:05:21.131 # WARNING: The TCP backlog setting of 511 cannot be enforced because /proc/sys/net/core/somaxconn is set to the lower value of 128.
1:M 12 Jan 2020 17:05:21.131 # Server initialized
1:M 12 Jan 2020 17:05:21.131 # WARNING overcommit_memory is set to 0! Background save may fail under low memory condition. To fix this issue add 'vm.overcommit_memory = 1' to /etc/sysctl.conf and then reboot or run the command 'sysctl vm.overcommit_memory=1' for this to take effect.
1:M 12 Jan 2020 17:05:21.132 # WARNING you have Transparent Huge Pages (THP) support enabled in your kernel. This will create latency and memory usage issues with Redis. To fix this issue run the command 'echo never > /sys/kernel/mm/transparent_hugepage/enabled' as root, and add it to your /etc/rc.local in order to retain the setting after a reboot. Redis must be restarted after THP is disabled.
1:M 12 Jan 2020 17:05:21.132 * DB loaded from disk: 0.000 seconds
1:M 12 Jan 2020 17:05:21.132 * Ready to accept connections
1:signal-handler (1578834848) Received SIGTERM scheduling shutdown...
1:M 12 Jan 2020 21:14:09.037 # User requested shutdown...
1:M 12 Jan 2020 21:14:09.037 * Saving the final RDB snapshot before exiting.
1:M 12 Jan 2020 21:14:09.039 * DB saved on disk
1:M 12 Jan 2020 21:14:09.039 * Removing the pid file.
1:M 12 Jan 2020 21:14:09.039 # Redis is now ready to exit, bye bye...
1:C 13 Jan 2020 18:51:10.561 # oO0OoO0OoO0Oo Redis is starting oO0OoO0OoO0Oo
1:C 13 Jan 2020 18:51:10.562 # Redis version=5.0.7, bits=64, commit=00000000, modified=0, pid=1, just started
1:C 13 Jan 2020 18:51:10.562 # Configuration loaded
                _._                                                  
           _.-``__ ''-._                                             
      _.-``    `.  `_.  ''-._           Redis 5.0.7 (00000000/0) 64 bit
  .-`` .-```.  ```\/    _.,_ ''-._                                   
 (    '      ,       .-`  | `,    )     Running in standalone mode
 |`-._`-...-` __...-.``-._|'` _.-'|     Port: 6379
 |    `-._   `._    /     _.-'    |     PID: 1
  `-._    `-._  `-./  _.-'    _.-'                                   
 |`-._`-._    `-.__.-'    _.-'_.-'|                                  
 |    `-._`-._        _.-'_.-'    |           http://redis.io        
  `-._    `-._`-.__.-'_.-'    _.-'                                   
 |`-._`-._    `-.__.-'    _.-'_.-'|                                  
 |    `-._`-._        _.-'_.-'    |                                  
  `-._    `-._`-.__.-'_.-'    _.-'                                   
      `-._    `-.__.-'    _.-'                                       
          `-._        _.-'                                           
              `-.__.-'                                               

1:M 13 Jan 2020 18:51:10.564 # WARNING: The TCP backlog setting of 511 cannot be enforced because /proc/sys/net/core/somaxconn is set to the lower value of 128.
1:M 13 Jan 2020 18:51:10.564 # Server initialized
1:M 13 Jan 2020 18:51:10.564 # WARNING overcommit_memory is set to 0! Background save may fail under low memory condition. To fix this issue add 'vm.overcommit_memory = 1' to /etc/sysctl.conf and then reboot or run the command 'sysctl vm.overcommit_memory=1' for this to take effect.
1:M 13 Jan 2020 18:51:10.564 # WARNING you have Transparent Huge Pages (THP) support enabled in your kernel. This will create latency and memory usage issues with Redis. To fix this issue run the command 'echo never > /sys/kernel/mm/transparent_hugepage/enabled' as root, and add it to your /etc/rc.local in order to retain the setting after a reboot. Redis must be restarted after THP is disabled.
1:M 13 Jan 2020 18:51:10.565 * DB loaded from disk: 0.000 seconds
1:M 13 Jan 2020 18:51:10.565 * Ready to accept connections
1:signal-handler (1578918025) Received SIGTERM scheduling shutdown...
1:M 13 Jan 2020 20:20:25.250 # User requested shutdown...
1:M 13 Jan 2020 20:20:25.250 * Saving the final RDB snapshot before exiting.
1:M 13 Jan 2020 20:20:25.308 * DB saved on disk
1:M 13 Jan 2020 20:20:25.308 * Removing the pid file.
1:M 13 Jan 2020 20:20:25.308 # Redis is now ready to exit, bye bye...
1:C 13 Jan 2020 20:21:24.138 # oO0OoO0OoO0Oo Redis is starting oO0OoO0OoO0Oo
1:C 13 Jan 2020 20:21:24.139 # Redis version=5.0.7, bits=64, commit=00000000, modified=0, pid=1, just started
1:C 13 Jan 2020 20:21:24.139 # Configuration loaded
                _._                                                  
           _.-``__ ''-._                                             
      _.-``    `.  `_.  ''-._           Redis 5.0.7 (00000000/0) 64 bit
  .-`` .-```.  ```\/    _.,_ ''-._                                   
 (    '      ,       .-`  | `,    )     Running in standalone mode
 |`-._`-...-` __...-.``-._|'` _.-'|     Port: 6379
 |    `-._   `._    /     _.-'    |     PID: 1
  `-._    `-._  `-./  _.-'    _.-'                                   
 |`-._`-._    `-.__.-'    _.-'_.-'|                                  
 |    `-._`-._        _.-'_.-'    |           http://redis.io        
  `-._    `-._`-.__.-'_.-'    _.-'                                   
 |`-._`-._    `-.__.-'    _.-'_.-'|                                  
 |    `-._`-._        _.-'_.-'    |                                  
  `-._    `-._`-.__.-'_.-'    _.-'                                   
      `-._    `-.__.-'    _.-'                                       
          `-._        _.-'                                           
              `-.__.-'                                               

1:M 13 Jan 2020 20:21:24.141 # WARNING: The TCP backlog setting of 511 cannot be enforced because /proc/sys/net/core/somaxconn is set to the lower value of 128.
1:M 13 Jan 2020 20:21:24.141 # Server initialized
1:M 13 Jan 2020 20:21:24.141 # WARNING overcommit_memory is set to 0! Background save may fail under low memory condition. To fix this issue add 'vm.overcommit_memory = 1' to /etc/sysctl.conf and then reboot or run the command 'sysctl vm.overcommit_memory=1' for this to take effect.
1:M 13 Jan 2020 20:21:24.141 # WARNING you have Transparent Huge Pages (THP) support enabled in your kernel. This will create latency and memory usage issues with Redis. To fix this issue run the command 'echo never > /sys/kernel/mm/transparent_hugepage/enabled' as root, and add it to your /etc/rc.local in order to retain the setting after a reboot. Redis must be restarted after THP is disabled.
1:M 13 Jan 2020 20:21:24.142 * DB loaded from disk: 0.000 seconds
1:M 13 Jan 2020 20:21:24.142 * Ready to accept connections
1:signal-handler (1578921064) Received SIGTERM scheduling shutdown...
1:M 13 Jan 2020 21:11:04.618 # User requested shutdown...
1:M 13 Jan 2020 21:11:04.618 * Saving the final RDB snapshot before exiting.
1:M 13 Jan 2020 21:11:04.623 * DB saved on disk
1:M 13 Jan 2020 21:11:04.623 * Removing the pid file.
1:M 13 Jan 2020 21:11:04.623 # Redis is now ready to exit, bye bye...
1:C 14 Jan 2020 19:16:47.489 # oO0OoO0OoO0Oo Redis is starting oO0OoO0OoO0Oo
1:C 14 Jan 2020 19:16:47.489 # Redis version=5.0.7, bits=64, commit=00000000, modified=0, pid=1, just started
1:C 14 Jan 2020 19:16:47.489 # Configuration loaded
                _._                                                  
           _.-``__ ''-._                                             
      _.-``    `.  `_.  ''-._           Redis 5.0.7 (00000000/0) 64 bit
  .-`` .-```.  ```\/    _.,_ ''-._                                   
 (    '      ,       .-`  | `,    )     Running in standalone mode
 |`-._`-...-` __...-.``-._|'` _.-'|     Port: 6379
 |    `-._   `._    /     _.-'    |     PID: 1
  `-._    `-._  `-./  _.-'    _.-'                                   
 |`-._`-._    `-.__.-'    _.-'_.-'|                                  
 |    `-._`-._        _.-'_.-'    |           http://redis.io        
  `-._    `-._`-.__.-'_.-'    _.-'                                   
 |`-._`-._    `-.__.-'    _.-'_.-'|                                  
 |    `-._`-._        _.-'_.-'    |                                  
  `-._    `-._`-.__.-'_.-'    _.-'                                   
      `-._    `-.__.-'    _.-'                                       
          `-._        _.-'                                           
              `-.__.-'                                               

1:M 14 Jan 2020 19:16:47.491 # WARNING: The TCP backlog setting of 511 cannot be enforced because /proc/sys/net/core/somaxconn is set to the lower value of 128.
1:M 14 Jan 2020 19:16:47.492 # Server initialized
1:M 14 Jan 2020 19:16:47.492 # WARNING overcommit_memory is set to 0! Background save may fail under low memory condition. To fix this issue add 'vm.overcommit_memory = 1' to /etc/sysctl.conf and then reboot or run the command 'sysctl vm.overcommit_memory=1' for this to take effect.
1:M 14 Jan 2020 19:16:47.492 # WARNING you have Transparent Huge Pages (THP) support enabled in your kernel. This will create latency and memory usage issues with Redis. To fix this issue run the command 'echo never > /sys/kernel/mm/transparent_hugepage/enabled' as root, and add it to your /etc/rc.local in order to retain the setting after a reboot. Redis must be restarted after THP is disabled.
1:M 14 Jan 2020 19:16:47.492 * DB loaded from disk: 0.000 seconds
1:M 14 Jan 2020 19:16:47.492 * Ready to accept connections
1:signal-handler (1579002725) Received SIGTERM scheduling shutdown...
1:M 14 Jan 2020 19:52:05.675 # User requested shutdown...
1:M 14 Jan 2020 19:52:05.675 * Saving the final RDB snapshot before exiting.
1:M 14 Jan 2020 19:52:05.678 * DB saved on disk
1:M 14 Jan 2020 19:52:05.678 * Removing the pid file.
1:M 14 Jan 2020 19:52:05.678 # Redis is now ready to exit, bye bye...
1:C 14 Jan 2020 20:01:41.230 # oO0OoO0OoO0Oo Redis is starting oO0OoO0OoO0Oo
1:C 14 Jan 2020 20:01:41.230 # Redis version=5.0.7, bits=64, commit=00000000, modified=0, pid=1, just started
1:C 14 Jan 2020 20:01:41.230 # Configuration loaded
                _._                                                  
           _.-``__ ''-._                                             
      _.-``    `.  `_.  ''-._           Redis 5.0.7 (00000000/0) 64 bit
  .-`` .-```.  ```\/    _.,_ ''-._                                   
 (    '      ,       .-`  | `,    )     Running in standalone mode
 |`-._`-...-` __...-.``-._|'` _.-'|     Port: 6379
 |    `-._   `._    /     _.-'    |     PID: 1
  `-._    `-._  `-./  _.-'    _.-'                                   
 |`-._`-._    `-.__.-'    _.-'_.-'|                                  
 |    `-._`-._        _.-'_.-'    |           http://redis.io        
  `-._    `-._`-.__.-'_.-'    _.-'                                   
 |`-._`-._    `-.__.-'    _.-'_.-'|                                  
 |    `-._`-._        _.-'_.-'    |                                  
  `-._    `-._`-.__.-'_.-'    _.-'                                   
      `-._    `-.__.-'    _.-'                                       
          `-._        _.-'                                           
              `-.__.-'                                               

1:M 14 Jan 2020 20:01:41.234 # WARNING: The TCP backlog setting of 511 cannot be enforced because /proc/sys/net/core/somaxconn is set to the lower value of 128.
1:M 14 Jan 2020 20:01:41.234 # Server initialized
1:M 14 Jan 2020 20:01:41.234 # WARNING overcommit_memory is set to 0! Background save may fail under low memory condition. To fix this issue add 'vm.overcommit_memory = 1' to /etc/sysctl.conf and then reboot or run the command 'sysctl vm.overcommit_memory=1' for this to take effect.
1:M 14 Jan 2020 20:01:41.234 # WARNING you have Transparent Huge Pages (THP) support enabled in your kernel. This will create latency and memory usage issues with Redis. To fix this issue run the command 'echo never > /sys/kernel/mm/transparent_hugepage/enabled' as root, and add it to your /etc/rc.local in order to retain the setting after a reboot. Redis must be restarted after THP is disabled.
1:M 14 Jan 2020 20:01:41.235 * DB loaded from disk: 0.000 seconds
1:M 14 Jan 2020 20:01:41.235 * Ready to accept connections
1:signal-handler (1579101371) Received SIGTERM scheduling shutdown...
1:M 15 Jan 2020 23:16:11.931 # User requested shutdown...
1:M 15 Jan 2020 23:16:11.931 * Saving the final RDB snapshot before exiting.
1:M 15 Jan 2020 23:16:11.937 * DB saved on disk
1:M 15 Jan 2020 23:16:11.937 * Removing the pid file.
1:M 15 Jan 2020 23:16:11.937 # Redis is now ready to exit, bye bye...
1:C 16 Jan 2020 18:56:02.563 # oO0OoO0OoO0Oo Redis is starting oO0OoO0OoO0Oo
1:C 16 Jan 2020 18:56:02.564 # Redis version=5.0.7, bits=64, commit=00000000, modified=0, pid=1, just started
1:C 16 Jan 2020 18:56:02.564 # Configuration loaded
                _._                                                  
           _.-``__ ''-._                                             
      _.-``    `.  `_.  ''-._           Redis 5.0.7 (00000000/0) 64 bit
  .-`` .-```.  ```\/    _.,_ ''-._                                   
 (    '      ,       .-`  | `,    )     Running in standalone mode
 |`-._`-...-` __...-.``-._|'` _.-'|     Port: 6379
 |    `-._   `._    /     _.-'    |     PID: 1
  `-._    `-._  `-./  _.-'    _.-'                                   
 |`-._`-._    `-.__.-'    _.-'_.-'|                                  
 |    `-._`-._        _.-'_.-'    |           http://redis.io        
  `-._    `-._`-.__.-'_.-'    _.-'                                   
 |`-._`-._    `-.__.-'    _.-'_.-'|                                  
 |    `-._`-._        _.-'_.-'    |                                  
  `-._    `-._`-.__.-'_.-'    _.-'                                   
      `-._    `-.__.-'    _.-'                                       
          `-._        _.-'                                           
              `-.__.-'                                               

1:M 16 Jan 2020 18:56:02.573 # WARNING: The TCP backlog setting of 511 cannot be enforced because /proc/sys/net/core/somaxconn is set to the lower value of 128.
1:M 16 Jan 2020 18:56:02.573 # Server initialized
1:M 16 Jan 2020 18:56:02.573 # WARNING overcommit_memory is set to 0! Background save may fail under low memory condition. To fix this issue add 'vm.overcommit_memory = 1' to /etc/sysctl.conf and then reboot or run the command 'sysctl vm.overcommit_memory=1' for this to take effect.
1:M 16 Jan 2020 18:56:02.573 # WARNING you have Transparent Huge Pages (THP) support enabled in your kernel. This will create latency and memory usage issues with Redis. To fix this issue run the command 'echo never > /sys/kernel/mm/transparent_hugepage/enabled' as root, and add it to your /etc/rc.local in order to retain the setting after a reboot. Redis must be restarted after THP is disabled.
1:M 16 Jan 2020 18:56:02.576 * DB loaded from disk: 0.003 seconds
1:M 16 Jan 2020 18:56:02.576 * Ready to accept connections
1:signal-handler (1579267342) Received SIGTERM scheduling shutdown...
1:M 17 Jan 2020 21:22:22.639 # User requested shutdown...
1:M 17 Jan 2020 21:22:22.639 * Saving the final RDB snapshot before exiting.
1:M 17 Jan 2020 21:22:22.646 * DB saved on disk
1:M 17 Jan 2020 21:22:22.646 * Removing the pid file.
1:M 17 Jan 2020 21:22:22.646 # Redis is now ready to exit, bye bye...
1:C 18 Jan 2020 18:50:32.544 # oO0OoO0OoO0Oo Redis is starting oO0OoO0OoO0Oo
1:C 18 Jan 2020 18:50:32.545 # Redis version=5.0.7, bits=64, commit=00000000, modified=0, pid=1, just started
1:C 18 Jan 2020 18:50:32.545 # Configuration loaded
                _._                                                  
           _.-``__ ''-._                                             
      _.-``    `.  `_.  ''-._           Redis 5.0.7 (00000000/0) 64 bit
  .-`` .-```.  ```\/    _.,_ ''-._                                   
 (    '      ,       .-`  | `,    )     Running in standalone mode
 |`-._`-...-` __...-.``-._|'` _.-'|     Port: 6379
 |    `-._   `._    /     _.-'    |     PID: 1
  `-._    `-._  `-./  _.-'    _.-'                                   
 |`-._`-._    `-.__.-'    _.-'_.-'|                                  
 |    `-._`-._        _.-'_.-'    |           http://redis.io        
  `-._    `-._`-.__.-'_.-'    _.-'                                   
 |`-._`-._    `-.__.-'    _.-'_.-'|                                  
 |    `-._`-._        _.-'_.-'    |                                  
  `-._    `-._`-.__.-'_.-'    _.-'                                   
      `-._    `-.__.-'    _.-'                                       
          `-._        _.-'                                           
              `-.__.-'                                               

1:M 18 Jan 2020 18:50:32.547 # WARNING: The TCP backlog setting of 511 cannot be enforced because /proc/sys/net/core/somaxconn is set to the lower value of 128.
1:M 18 Jan 2020 18:50:32.547 # Server initialized
1:M 18 Jan 2020 18:50:32.547 # WARNING overcommit_memory is set to 0! Background save may fail under low memory condition. To fix this issue add 'vm.overcommit_memory = 1' to /etc/sysctl.conf and then reboot or run the command 'sysctl vm.overcommit_memory=1' for this to take effect.
1:M 18 Jan 2020 18:50:32.547 # WARNING you have Transparent Huge Pages (THP) support enabled in your kernel. This will create latency and memory usage issues with Redis. To fix this issue run the command 'echo never > /sys/kernel/mm/transparent_hugepage/enabled' as root, and add it to your /etc/rc.local in order to retain the setting after a reboot. Redis must be restarted after THP is disabled.
1:M 18 Jan 2020 18:50:32.548 * DB loaded from disk: 0.001 seconds
1:M 18 Jan 2020 18:50:32.548 * Ready to accept connections
1:signal-handler (1579527567) Received SIGTERM scheduling shutdown...
1:M 20 Jan 2020 21:39:27.941 # User requested shutdown...
1:M 20 Jan 2020 21:39:27.943 * Saving the final RDB snapshot before exiting.
1:M 20 Jan 2020 21:39:27.949 * DB saved on disk
1:M 20 Jan 2020 21:39:27.949 * Removing the pid file.
1:M 20 Jan 2020 21:39:27.949 # Redis is now ready to exit, bye bye...
1:C 20 Jan 2020 21:40:10.412 # oO0OoO0OoO0Oo Redis is starting oO0OoO0OoO0Oo
1:C 20 Jan 2020 21:40:10.413 # Redis version=5.0.7, bits=64, commit=00000000, modified=0, pid=1, just started
1:C 20 Jan 2020 21:40:10.413 # Configuration loaded
                _._                                                  
           _.-``__ ''-._                                             
      _.-``    `.  `_.  ''-._           Redis 5.0.7 (00000000/0) 64 bit
  .-`` .-```.  ```\/    _.,_ ''-._                                   
 (    '      ,       .-`  | `,    )     Running in standalone mode
 |`-._`-...-` __...-.``-._|'` _.-'|     Port: 6379
 |    `-._   `._    /     _.-'    |     PID: 1
  `-._    `-._  `-./  _.-'    _.-'                                   
 |`-._`-._    `-.__.-'    _.-'_.-'|                                  
 |    `-._`-._        _.-'_.-'    |           http://redis.io        
  `-._    `-._`-.__.-'_.-'    _.-'                                   
 |`-._`-._    `-.__.-'    _.-'_.-'|                                  
 |    `-._`-._        _.-'_.-'    |                                  
  `-._    `-._`-.__.-'_.-'    _.-'                                   
      `-._    `-.__.-'    _.-'                                       
          `-._        _.-'                                           
              `-.__.-'                                               

1:M 20 Jan 2020 21:40:10.416 # WARNING: The TCP backlog setting of 511 cannot be enforced because /proc/sys/net/core/somaxconn is set to the lower value of 128.
1:M 20 Jan 2020 21:40:10.416 # Server initialized
1:M 20 Jan 2020 21:40:10.416 # WARNING overcommit_memory is set to 0! Background save may fail under low memory condition. To fix this issue add 'vm.overcommit_memory = 1' to /etc/sysctl.conf and then reboot or run the command 'sysctl vm.overcommit_memory=1' for this to take effect.
1:M 20 Jan 2020 21:40:10.416 # WARNING you have Transparent Huge Pages (THP) support enabled in your kernel. This will create latency and memory usage issues with Redis. To fix this issue run the command 'echo never > /sys/kernel/mm/transparent_hugepage/enabled' as root, and add it to your /etc/rc.local in order to retain the setting after a reboot. Redis must be restarted after THP is disabled.
1:M 20 Jan 2020 21:40:10.433 * DB loaded from disk: 0.017 seconds
1:M 20 Jan 2020 21:40:10.433 * Ready to accept connections
1:signal-handler (1579528520) Received SIGTERM scheduling shutdown...
1:M 20 Jan 2020 21:55:20.305 # User requested shutdown...
1:M 20 Jan 2020 21:55:20.305 * Saving the final RDB snapshot before exiting.
1:M 20 Jan 2020 21:55:20.312 * DB saved on disk
1:M 20 Jan 2020 21:55:20.312 * Removing the pid file.
1:M 20 Jan 2020 21:55:20.312 # Redis is now ready to exit, bye bye...
1:C 21 Jan 2020 17:09:09.579 # oO0OoO0OoO0Oo Redis is starting oO0OoO0OoO0Oo
1:C 21 Jan 2020 17:09:09.584 # Redis version=5.0.7, bits=64, commit=00000000, modified=0, pid=1, just started
1:C 21 Jan 2020 17:09:09.584 # Configuration loaded
                _._                                                  
           _.-``__ ''-._                                             
      _.-``    `.  `_.  ''-._           Redis 5.0.7 (00000000/0) 64 bit
  .-`` .-```.  ```\/    _.,_ ''-._                                   
 (    '      ,       .-`  | `,    )     Running in standalone mode
 |`-._`-...-` __...-.``-._|'` _.-'|     Port: 6379
 |    `-._   `._    /     _.-'    |     PID: 1
  `-._    `-._  `-./  _.-'    _.-'                                   
 |`-._`-._    `-.__.-'    _.-'_.-'|                                  
 |    `-._`-._        _.-'_.-'    |           http://redis.io        
  `-._    `-._`-.__.-'_.-'    _.-'                                   
 |`-._`-._    `-.__.-'    _.-'_.-'|                                  
 |    `-._`-._        _.-'_.-'    |                                  
  `-._    `-._`-.__.-'_.-'    _.-'                                   
      `-._    `-.__.-'    _.-'                                       
          `-._        _.-'                                           
              `-.__.-'                                               

1:M 21 Jan 2020 17:09:09.585 # WARNING: The TCP backlog setting of 511 cannot be enforced because /proc/sys/net/core/somaxconn is set to the lower value of 128.
1:M 21 Jan 2020 17:09:09.585 # Server initialized
1:M 21 Jan 2020 17:09:09.585 # WARNING overcommit_memory is set to 0! Background save may fail under low memory condition. To fix this issue add 'vm.overcommit_memory = 1' to /etc/sysctl.conf and then reboot or run the command 'sysctl vm.overcommit_memory=1' for this to take effect.
1:M 21 Jan 2020 17:09:09.585 # WARNING you have Transparent Huge Pages (THP) support enabled in your kernel. This will create latency and memory usage issues with Redis. To fix this issue run the command 'echo never > /sys/kernel/mm/transparent_hugepage/enabled' as root, and add it to your /etc/rc.local in order to retain the setting after a reboot. Redis must be restarted after THP is disabled.
1:M 21 Jan 2020 17:09:09.589 * DB loaded from disk: 0.003 seconds
1:M 21 Jan 2020 17:09:09.589 * Ready to accept connections
1:signal-handler (1579598406) Received SIGTERM scheduling shutdown...
1:M 21 Jan 2020 17:20:06.711 # User requested shutdown...
1:M 21 Jan 2020 17:20:06.711 * Saving the final RDB snapshot before exiting.
1:M 21 Jan 2020 17:20:06.730 * DB saved on disk
1:M 21 Jan 2020 17:20:06.730 * Removing the pid file.
1:M 21 Jan 2020 17:20:06.730 # Redis is now ready to exit, bye bye...
1:C 21 Jan 2020 17:20:56.441 # oO0OoO0OoO0Oo Redis is starting oO0OoO0OoO0Oo
1:C 21 Jan 2020 17:20:56.442 # Redis version=5.0.7, bits=64, commit=00000000, modified=0, pid=1, just started
1:C 21 Jan 2020 17:20:56.442 # Configuration loaded
                _._                                                  
           _.-``__ ''-._                                             
      _.-``    `.  `_.  ''-._           Redis 5.0.7 (00000000/0) 64 bit
  .-`` .-```.  ```\/    _.,_ ''-._                                   
 (    '      ,       .-`  | `,    )     Running in standalone mode
 |`-._`-...-` __...-.``-._|'` _.-'|     Port: 6379
 |    `-._   `._    /     _.-'    |     PID: 1
  `-._    `-._  `-./  _.-'    _.-'                                   
 |`-._`-._    `-.__.-'    _.-'_.-'|                                  
 |    `-._`-._        _.-'_.-'    |           http://redis.io        
  `-._    `-._`-.__.-'_.-'    _.-'                                   
 |`-._`-._    `-.__.-'    _.-'_.-'|                                  
 |    `-._`-._        _.-'_.-'    |                                  
  `-._    `-._`-.__.-'_.-'    _.-'                                   
      `-._    `-.__.-'    _.-'                                       
          `-._        _.-'                                           
              `-.__.-'                                               

1:M 21 Jan 2020 17:20:56.444 # WARNING: The TCP backlog setting of 511 cannot be enforced because /proc/sys/net/core/somaxconn is set to the lower value of 128.
1:M 21 Jan 2020 17:20:56.444 # Server initialized
1:M 21 Jan 2020 17:20:56.444 # WARNING overcommit_memory is set to 0! Background save may fail under low memory condition. To fix this issue add 'vm.overcommit_memory = 1' to /etc/sysctl.conf and then reboot or run the command 'sysctl vm.overcommit_memory=1' for this to take effect.
1:M 21 Jan 2020 17:20:56.444 # WARNING you have Transparent Huge Pages (THP) support enabled in your kernel. This will create latency and memory usage issues with Redis. To fix this issue run the command 'echo never > /sys/kernel/mm/transparent_hugepage/enabled' as root, and add it to your /etc/rc.local in order to retain the setting after a reboot. Redis must be restarted after THP is disabled.
1:M 21 Jan 2020 17:20:56.444 * DB loaded from disk: 0.000 seconds
1:M 21 Jan 2020 17:20:56.444 * Ready to accept connections
1:signal-handler (1579598458) Received SIGTERM scheduling shutdown...
1:M 21 Jan 2020 17:20:58.452 # User requested shutdown...
1:M 21 Jan 2020 17:20:58.452 * Saving the final RDB snapshot before exiting.
1:M 21 Jan 2020 17:20:58.455 * DB saved on disk
1:M 21 Jan 2020 17:20:58.455 * Removing the pid file.
1:M 21 Jan 2020 17:20:58.455 # Redis is now ready to exit, bye bye...
1:C 21 Jan 2020 17:21:42.795 # oO0OoO0OoO0Oo Redis is starting oO0OoO0OoO0Oo
1:C 21 Jan 2020 17:21:42.795 # Redis version=5.0.7, bits=64, commit=00000000, modified=0, pid=1, just started
1:C 21 Jan 2020 17:21:42.795 # Configuration loaded
                _._                                                  
           _.-``__ ''-._                                             
      _.-``    `.  `_.  ''-._           Redis 5.0.7 (00000000/0) 64 bit
  .-`` .-```.  ```\/    _.,_ ''-._                                   
 (    '      ,       .-`  | `,    )     Running in standalone mode
 |`-._`-...-` __...-.``-._|'` _.-'|     Port: 6379
 |    `-._   `._    /     _.-'    |     PID: 1
  `-._    `-._  `-./  _.-'    _.-'                                   
 |`-._`-._    `-.__.-'    _.-'_.-'|                                  
 |    `-._`-._        _.-'_.-'    |           http://redis.io        
  `-._    `-._`-.__.-'_.-'    _.-'                                   
 |`-._`-._    `-.__.-'    _.-'_.-'|                                  
 |    `-._`-._        _.-'_.-'    |                                  
  `-._    `-._`-.__.-'_.-'    _.-'                                   
      `-._    `-.__.-'    _.-'                                       
          `-._        _.-'                                           
              `-.__.-'                                               

1:M 21 Jan 2020 17:21:42.796 # WARNING: The TCP backlog setting of 511 cannot be enforced because /proc/sys/net/core/somaxconn is set to the lower value of 128.
1:M 21 Jan 2020 17:21:42.797 # Server initialized
1:M 21 Jan 2020 17:21:42.797 # WARNING overcommit_memory is set to 0! Background save may fail under low memory condition. To fix this issue add 'vm.overcommit_memory = 1' to /etc/sysctl.conf and then reboot or run the command 'sysctl vm.overcommit_memory=1' for this to take effect.
1:M 21 Jan 2020 17:21:42.797 # WARNING you have Transparent Huge Pages (THP) support enabled in your kernel. This will create latency and memory usage issues with Redis. To fix this issue run the command 'echo never > /sys/kernel/mm/transparent_hugepage/enabled' as root, and add it to your /etc/rc.local in order to retain the setting after a reboot. Redis must be restarted after THP is disabled.
1:M 21 Jan 2020 17:21:42.797 * DB loaded from disk: 0.000 seconds
1:M 21 Jan 2020 17:21:42.797 * Ready to accept connections
1:signal-handler (1579598533) Received SIGTERM scheduling shutdown...
1:M 21 Jan 2020 17:22:13.419 # User requested shutdown...
1:M 21 Jan 2020 17:22:13.419 * Saving the final RDB snapshot before exiting.
1:M 21 Jan 2020 17:22:13.424 * DB saved on disk
1:M 21 Jan 2020 17:22:13.424 * Removing the pid file.
1:M 21 Jan 2020 17:22:13.424 # Redis is now ready to exit, bye bye...
1:C 21 Jan 2020 17:22:59.135 # oO0OoO0OoO0Oo Redis is starting oO0OoO0OoO0Oo
1:C 21 Jan 2020 17:22:59.135 # Redis version=5.0.7, bits=64, commit=00000000, modified=0, pid=1, just started
1:C 21 Jan 2020 17:22:59.135 # Configuration loaded
                _._                                                  
           _.-``__ ''-._                                             
      _.-``    `.  `_.  ''-._           Redis 5.0.7 (00000000/0) 64 bit
  .-`` .-```.  ```\/    _.,_ ''-._                                   
 (    '      ,       .-`  | `,    )     Running in standalone mode
 |`-._`-...-` __...-.``-._|'` _.-'|     Port: 6379
 |    `-._   `._    /     _.-'    |     PID: 1
  `-._    `-._  `-./  _.-'    _.-'                                   
 |`-._`-._    `-.__.-'    _.-'_.-'|                                  
 |    `-._`-._        _.-'_.-'    |           http://redis.io        
  `-._    `-._`-.__.-'_.-'    _.-'                                   
 |`-._`-._    `-.__.-'    _.-'_.-'|                                  
 |    `-._`-._        _.-'_.-'    |                                  
  `-._    `-._`-.__.-'_.-'    _.-'                                   
      `-._    `-.__.-'    _.-'                                       
          `-._        _.-'                                           
              `-.__.-'                                               

1:M 21 Jan 2020 17:22:59.137 # WARNING: The TCP backlog setting of 511 cannot be enforced because /proc/sys/net/core/somaxconn is set to the lower value of 128.
1:M 21 Jan 2020 17:22:59.137 # Server initialized
1:M 21 Jan 2020 17:22:59.137 # WARNING overcommit_memory is set to 0! Background save may fail under low memory condition. To fix this issue add 'vm.overcommit_memory = 1' to /etc/sysctl.conf and then reboot or run the command 'sysctl vm.overcommit_memory=1' for this to take effect.
1:M 21 Jan 2020 17:22:59.138 # WARNING you have Transparent Huge Pages (THP) support enabled in your kernel. This will create latency and memory usage issues with Redis. To fix this issue run the command 'echo never > /sys/kernel/mm/transparent_hugepage/enabled' as root, and add it to your /etc/rc.local in order to retain the setting after a reboot. Redis must be restarted after THP is disabled.
1:M 21 Jan 2020 17:22:59.139 * DB loaded from disk: 0.001 seconds
1:M 21 Jan 2020 17:22:59.139 * Ready to accept connections
1:signal-handler (1579606201) Received SIGTERM scheduling shutdown...
1:M 21 Jan 2020 19:30:01.804 # User requested shutdown...
1:M 21 Jan 2020 19:30:01.804 * Saving the final RDB snapshot before exiting.
1:M 21 Jan 2020 19:30:01.840 * DB saved on disk
1:M 21 Jan 2020 19:30:01.840 * Removing the pid file.
1:M 21 Jan 2020 19:30:01.840 # Redis is now ready to exit, bye bye...
1:C 21 Jan 2020 19:30:51.162 # oO0OoO0OoO0Oo Redis is starting oO0OoO0OoO0Oo
1:C 21 Jan 2020 19:30:51.163 # Redis version=5.0.7, bits=64, commit=00000000, modified=0, pid=1, just started
1:C 21 Jan 2020 19:30:51.163 # Configuration loaded
                _._                                                  
           _.-``__ ''-._                                             
      _.-``    `.  `_.  ''-._           Redis 5.0.7 (00000000/0) 64 bit
  .-`` .-```.  ```\/    _.,_ ''-._                                   
 (    '      ,       .-`  | `,    )     Running in standalone mode
 |`-._`-...-` __...-.``-._|'` _.-'|     Port: 6379
 |    `-._   `._    /     _.-'    |     PID: 1
  `-._    `-._  `-./  _.-'    _.-'                                   
 |`-._`-._    `-.__.-'    _.-'_.-'|                                  
 |    `-._`-._        _.-'_.-'    |           http://redis.io        
  `-._    `-._`-.__.-'_.-'    _.-'                                   
 |`-._`-._    `-.__.-'    _.-'_.-'|                                  
 |    `-._`-._        _.-'_.-'    |                                  
  `-._    `-._`-.__.-'_.-'    _.-'                                   
      `-._    `-.__.-'    _.-'                                       
          `-._        _.-'                                           
              `-.__.-'                                               

1:M 21 Jan 2020 19:30:51.173 # WARNING: The TCP backlog setting of 511 cannot be enforced because /proc/sys/net/core/somaxconn is set to the lower value of 128.
1:M 21 Jan 2020 19:30:51.173 # Server initialized
1:M 21 Jan 2020 19:30:51.173 # WARNING overcommit_memory is set to 0! Background save may fail under low memory condition. To fix this issue add 'vm.overcommit_memory = 1' to /etc/sysctl.conf and then reboot or run the command 'sysctl vm.overcommit_memory=1' for this to take effect.
1:M 21 Jan 2020 19:30:51.173 # WARNING you have Transparent Huge Pages (THP) support enabled in your kernel. This will create latency and memory usage issues with Redis. To fix this issue run the command 'echo never > /sys/kernel/mm/transparent_hugepage/enabled' as root, and add it to your /etc/rc.local in order to retain the setting after a reboot. Redis must be restarted after THP is disabled.
1:M 21 Jan 2020 19:30:51.174 * DB loaded from disk: 0.001 seconds
1:M 21 Jan 2020 19:30:51.174 * Ready to accept connections
1:signal-handler (1579766616) Received SIGTERM scheduling shutdown...
1:M 23 Jan 2020 16:03:36.923 # User requested shutdown...
1:M 23 Jan 2020 16:03:36.924 * Saving the final RDB snapshot before exiting.
1:M 23 Jan 2020 16:03:37.062 * DB saved on disk
1:M 23 Jan 2020 16:03:37.062 * Removing the pid file.
1:M 23 Jan 2020 16:03:37.062 # Redis is now ready to exit, bye bye...
1:C 23 Jan 2020 16:04:24.202 # oO0OoO0OoO0Oo Redis is starting oO0OoO0OoO0Oo
1:C 23 Jan 2020 16:04:24.203 # Redis version=5.0.7, bits=64, commit=00000000, modified=0, pid=1, just started
1:C 23 Jan 2020 16:04:24.203 # Configuration loaded
                _._                                                  
           _.-``__ ''-._                                             
      _.-``    `.  `_.  ''-._           Redis 5.0.7 (00000000/0) 64 bit
  .-`` .-```.  ```\/    _.,_ ''-._                                   
 (    '      ,       .-`  | `,    )     Running in standalone mode
 |`-._`-...-` __...-.``-._|'` _.-'|     Port: 6379
 |    `-._   `._    /     _.-'    |     PID: 1
  `-._    `-._  `-./  _.-'    _.-'                                   
 |`-._`-._    `-.__.-'    _.-'_.-'|                                  
 |    `-._`-._        _.-'_.-'    |           http://redis.io        
  `-._    `-._`-.__.-'_.-'    _.-'                                   
 |`-._`-._    `-.__.-'    _.-'_.-'|                                  
 |    `-._`-._        _.-'_.-'    |                                  
  `-._    `-._`-.__.-'_.-'    _.-'                                   
      `-._    `-.__.-'    _.-'                                       
          `-._        _.-'                                           
              `-.__.-'                                               

1:M 23 Jan 2020 16:04:24.211 # WARNING: The TCP backlog setting of 511 cannot be enforced because /proc/sys/net/core/somaxconn is set to the lower value of 128.
1:M 23 Jan 2020 16:04:24.211 # Server initialized
1:M 23 Jan 2020 16:04:24.211 # WARNING overcommit_memory is set to 0! Background save may fail under low memory condition. To fix this issue add 'vm.overcommit_memory = 1' to /etc/sysctl.conf and then reboot or run the command 'sysctl vm.overcommit_memory=1' for this to take effect.
1:M 23 Jan 2020 16:04:24.211 # WARNING you have Transparent Huge Pages (THP) support enabled in your kernel. This will create latency and memory usage issues with Redis. To fix this issue run the command 'echo never > /sys/kernel/mm/transparent_hugepage/enabled' as root, and add it to your /etc/rc.local in order to retain the setting after a reboot. Redis must be restarted after THP is disabled.
1:M 23 Jan 2020 16:04:24.212 * DB loaded from disk: 0.000 seconds
1:M 23 Jan 2020 16:04:24.212 * Ready to accept connections
1:signal-handler (1579847819) Received SIGTERM scheduling shutdown...
1:M 24 Jan 2020 14:36:59.666 # User requested shutdown...
1:M 24 Jan 2020 14:36:59.666 * Saving the final RDB snapshot before exiting.
1:M 24 Jan 2020 14:36:59.671 * DB saved on disk
1:M 24 Jan 2020 14:36:59.671 * Removing the pid file.
1:M 24 Jan 2020 14:36:59.671 # Redis is now ready to exit, bye bye...
